<?xml version="1.0" encoding="UTF-8"?>
<testsuite name="ohtu.matkakortti.KassapaateTest" tests="4" skipped="0" failures="0" errors="0" timestamp="2020-11-23T19:18:13" hostname="Veera-MacBook-Air.local" time="0.543">
  <properties/>
  <testcase name="kortiltaVelotetaanHintaJosRahaaOn" classname="ohtu.matkakortti.KassapaateTest" time="0.537"/>
  <testcase name="kortinLataaminenLisaaRahaaJosSummaOnPositiivinen" classname="ohtu.matkakortti.KassapaateTest" time="0.001"/>
  <testcase name="kortinLataaminenEiLisaaRahaaJosSummaOnNegatiivinen" classname="ohtu.matkakortti.KassapaateTest" time="0.001"/>
  <testcase name="kortiltaEiVelotetaJosRahaEiRiita" classname="ohtu.matkakortti.KassapaateTest" time="0.002"/>
  <system-out><![CDATA[]]></system-out>
  <system-err><![CDATA[]]></system-err>
</testsuite>
