<?xml version="1.0" encoding="UTF-8"?>
<testsuite name="ohtu.verkkokauppa.KauppaTest" tests="4" skipped="0" failures="0" errors="0" timestamp="2020-11-23T20:14:16" hostname="Veera-MacBook-Air.local" time="0.63">
  <properties/>
  <testcase name="ostoksenPaaytyttyaPankinMetodiaTilisiirtoKutsutaanKunTuotteitaOnKaksiErilaista" classname="ohtu.verkkokauppa.KauppaTest" time="0.621"/>
  <testcase name="ostoksenPaaytyttyaPankinMetodiaTilisiirtoKutsutaan" classname="ohtu.verkkokauppa.KauppaTest" time="0.002"/>
  <testcase name="ostoksenPaatyttyaPankinMetodiaTilisiirtoKutsutaanKunTuotteitaOnKaksiSamanlaista" classname="ohtu.verkkokauppa.KauppaTest" time="0.002"/>
  <testcase name="ostoksenPaatyttyaPankinMetodiaTilisiirtoKutsutaanKunTuotteitaOnKaksijaToistaEiOleVarastossa" classname="ohtu.verkkokauppa.KauppaTest" time="0.003"/>
  <system-out><![CDATA[]]></system-out>
  <system-err><![CDATA[]]></system-err>
</testsuite>
